Arguments: 
  /usr/local/bin/node /usr/local/Cellar/yarn/1.5.1_1/libexec/bin/yarn.js add -D eslint

PATH: 
  ./bin:/Users/tijmendegraaff/.rbenv/shims:/usr/local/opt/rbenv/bin:/usr/local/bin:/usr/bin:/bin:/usr/sbin:/sbin:/usr/local/sbin

Yarn version: 
  1.5.1

Node version: 
  9.8.0

Platform: 
  darwin x64

npm manifest: 
  {
    "name": "empty-project-template",
    "main": "node_modules/expo/AppEntry.js",
    "private": true,
    "scripts": {
      "start": "expo start",
      "android": "expo start --android",
      "ios": "expo start --ios",
      "eject": "expo eject"
    },
    "dependencies": {
      "expo": "^29.0.0",
      "react": "16.3.1",
      "react-native": "https://github.com/expo/react-native/archive/sdk-29.0.0.tar.gz"
    }
  }

yarn manifest: 
  No manifest

Lockfile: 
  No lockfile

Trace: 
  Error: Found incompatible module
      at new MessageError (/usr/local/Cellar/yarn/1.5.1_1/libexec/lib/cli.js:186:110)
      at checkOne (/usr/local/Cellar/yarn/1.5.1_1/libexec/lib/cli.js:62444:11)
      at Object.check (/usr/local/Cellar/yarn/1.5.1_1/libexec/lib/cli.js:62463:5)
      at /usr/local/Cellar/yarn/1.5.1_1/libexec/lib/cli.js:22803:73
      at Generator.next (<anonymous>)
      at step (/usr/local/Cellar/yarn/1.5.1_1/libexec/lib/cli.js:98:30)
      at /usr/local/Cellar/yarn/1.5.1_1/libexec/lib/cli.js:109:13
      at <anonymous>
